2020-04-23 18:28:30 [main] FATAL com.company.dbdao.DatabaseDao - java.sql.SQLIntegrityConstraintViolationException: ORA-00001: нарушено ограничение уникальности (JAVA_EPAM.PK_USERS)

2020-04-23 18:28:35 [main] INFO  com.company.dbdao.DatabaseDao - Пользователь успешно добавлен
2020-04-23 18:29:51 [main] FATAL com.company.dbdao.DatabaseDao - java.sql.SQLIntegrityConstraintViolationException: ORA-00001: нарушено ограничение уникальности (JAVA_EPAM.PK_USERS)

2020-04-23 18:34:46 [main] FATAL com.company.dbdao.DatabaseDao - java.sql.SQLIntegrityConstraintViolationException: ORA-00001: нарушено ограничение уникальности (JAVA_EPAM.PK_USERS)

2020-04-23 18:36:51 [main] FATAL com.company.dbdao.DatabaseDao - java.sql.SQLIntegrityConstraintViolationException: ORA-00001: нарушено ограничение уникальности (JAVA_EPAM.PK_USERS)

2020-04-23 18:38:27 [main] FATAL com.company.dbdao.DatabaseDao - java.sql.SQLIntegrityConstraintViolationException: ORA-00001: нарушено ограничение уникальности (JAVA_EPAM.PK_USERS)

2020-04-23 18:41:43 [main] FATAL com.company.dbdao.DatabaseDao - java.sql.SQLIntegrityConstraintViolationException: ORA-00001: нарушено ограничение уникальности (JAVA_EPAM.PK_USERS)

2020-04-23 18:41:52 [main] INFO  com.company.dbdao.DatabaseDao - Пользователь успешно удалён
2020-04-23 18:42:07 [main] WARN  com.company.dbdao.DatabaseDao - Пользователя с введённым ID не существует - добавление в курс не произошло
2020-04-23 19:49:02 [main] FATAL com.company.dbdao.DatabaseDao - java.sql.SQLIntegrityConstraintViolationException: ORA-00001: нарушено ограничение уникальности (JAVA_EPAM.PK_USERS)

2020-04-23 19:50:58 [main] FATAL com.company.dbdao.DatabaseDao - java.sql.SQLIntegrityConstraintViolationException: ORA-00001: нарушено ограничение уникальности (JAVA_EPAM.PK_USERS)

2020-04-23 19:51:45 [main] WARN  com.company.dbdao.DatabaseDao - Пользователь с таким логином уже существует
2020-04-23 19:54:11 [main] INFO  com.company.dbdao.DatabaseDao - Пользователь успешно обновлён
2020-04-23 19:54:27 [main] WARN  com.company.dbdao.DatabaseDao - Пользователя с введённым ID не существует
2020-04-23 19:54:38 [main] INFO  com.company.dbdao.DatabaseDao - Пользователь успешно удалён
2020-04-23 19:54:45 [main] INFO  com.company.dbdao.DatabaseDao - Пользователя с введённым ID не существует
2020-04-23 19:55:01 [main] INFO  com.company.dbdao.DatabaseDao - Пользователь успешно удалён
2020-04-23 19:55:06 [main] INFO  com.company.dbdao.DatabaseDao - Пользователь успешно удалён
2020-04-23 19:59:32 [main] FATAL com.company.dbdao.DatabaseDao - java.sql.SQLIntegrityConstraintViolationException: ORA-00001: нарушено ограничение уникальности (JAVA_EPAM.PK_USERS)

2020-04-23 20:00:00 [main] WARN  com.company.dbdao.DatabaseDao - Курса с введённым ID не существует
2020-04-23 20:00:23 [main] INFO  com.company.dbdao.DatabaseDao - Курс успешно удалён
2020-04-23 20:00:33 [main] WARN  com.company.dbdao.DatabaseDao - Пользователя с введённым ID не существует - добавление в курс не произошло
2020-04-23 20:00:44 [main] WARN  com.company.dbdao.DatabaseDao - Пользователя с введённым ID не существует - добавление в курс не произошло
2020-04-23 20:00:50 [main] WARN  com.company.dbdao.DatabaseDao - Курса с введённым ID не существует
2020-04-23 20:00:55 [main] INFO  com.company.dbdao.DatabaseDao - Пользователь успешно добавлен
2020-04-23 20:01:08 [main] WARN  com.company.dbdao.DatabaseDao - Курса с введённым ID не существует
2020-04-23 20:01:15 [main] WARN  com.company.dbdao.DatabaseDao - Курса с введённым ID не существует
2020-04-23 20:01:20 [main] INFO  com.company.dbdao.DatabaseDao - Пользователь успешно добавлен
2020-04-23 20:02:06 [main] WARN  com.company.dbdao.DatabaseDao - Пользователя с введённым ID не существует - добавление в курс не произошло
2020-04-23 20:02:13 [main] WARN  com.company.dbdao.DatabaseDao - Пользователя с введённым ID не существует
2020-04-23 20:02:18 [main] INFO  com.company.dbdao.DatabaseDao - Пользователь успешно удалён
2020-04-23 20:10:59 [main] FATAL com.company.dbdao.DatabaseDao - java.sql.SQLIntegrityConstraintViolationException: ORA-00001: нарушено ограничение уникальности (JAVA_EPAM.PK_USERS)

2020-04-23 20:11:14 [main] INFO  com.company.dbdao.DatabaseDao - Пользователь успешно добавлен
2020-04-23 20:11:20 [main] INFO  com.company.dbdao.DatabaseDao - Пользователь успешно удалён
2020-05-07 18:55:15 [main] FATAL com.company.dbdao.DatabaseDao - java.sql.SQLIntegrityConstraintViolationException: ORA-00001: нарушено ограничение уникальности (JAVA_EPAM.PK_USERS)

2020-05-07 18:55:38 [main] FATAL com.company.dbdao.DatabaseDao - java.sql.SQLIntegrityConstraintViolationException: ORA-00001: нарушено ограничение уникальности (JAVA_EPAM.PK_USERS)

2020-05-07 18:57:52 [main] FATAL com.company.dbdao.DatabaseDao - java.sql.SQLIntegrityConstraintViolationException: ORA-00001: нарушено ограничение уникальности (JAVA_EPAM.PK_USERS)

2020-05-07 19:01:22 [main] FATAL com.company.dbdao.DatabaseDao - java.sql.SQLIntegrityConstraintViolationException: ORA-00001: нарушено ограничение уникальности (JAVA_EPAM.PK_USERS)

2020-05-07 19:01:47 [main] FATAL com.company.dbdao.DatabaseDao - java.sql.SQLIntegrityConstraintViolationException: ORA-00001: нарушено ограничение уникальности (JAVA_EPAM.PK_USERS)

2020-05-07 19:02:52 [main] FATAL com.company.dbdao.DatabaseDao - java.sql.SQLIntegrityConstraintViolationException: ORA-00001: нарушено ограничение уникальности (JAVA_EPAM.PK_USERS)

2020-05-07 19:03:57 [main] INFO  com.company.dbdao.DatabaseDao - Пользователь успешно создан
2020-05-07 19:04:10 [main] INFO  com.company.dbdao.DatabaseDao - Пользователь успешно удалён
2020-05-07 19:13:45 [main] INFO  com.company.dbdao.DatabaseDao - Пользователь успешно создан
